[2024-01-25 09:23:18] local.ERROR: SQLSTATE[HY000] [1049] Unknown database 'laravel' (Connection: mysql, SQL: select exists(select * from `users` where `email` = capetrelluzzi@efil.fr) as `exists`) {"exception":"[object] (Illuminate\\Database\\QueryException(code: 1049): SQLSTATE[HY000] [1049] Unknown database 'laravel' (Connection: mysql, SQL: select exists(select * from `users` where `email` = capetrelluzzi@efil.fr) as `exists`) at D:\\web\\www\\bug-filament\\vendor\\laravel\\framework\\src\\Illuminate\\Database\\Connection.php:822)
[stacktrace]
#0 D:\\web\\www\\bug-filament\\vendor\\laravel\\framework\\src\\Illuminate\\Database\\Connection.php(776): Illuminate\\Database\\Connection->runQueryCallback('select exists(s...', Array, Object(Closure))
#1 D:\\web\\www\\bug-filament\\vendor\\laravel\\framework\\src\\Illuminate\\Database\\Connection.php(407): Illuminate\\Database\\Connection->run('select exists(s...', Array, Object(Closure))
#2 D:\\web\\www\\bug-filament\\vendor\\laravel\\framework\\src\\Illuminate\\Database\\Query\\Builder.php(3093): Illuminate\\Database\\Connection->select('select exists(s...', Array, true)
#3 D:\\web\\www\\bug-filament\\vendor\\laravel\\framework\\src\\Illuminate\\Database\\Eloquent\\Builder.php(1968): Illuminate\\Database\\Query\\Builder->exists()
#4 D:\\web\\www\\bug-filament\\vendor\\filament\\filament\\src\\Commands\\MakeUserCommand.php(46): Illuminate\\Database\\Eloquent\\Builder->__call('exists', Array)
#5 D:\\web\\www\\bug-filament\\vendor\\laravel\\framework\\src\\Illuminate\\Console\\Concerns\\ConfiguresPrompts.php(144): Filament\\Commands\\MakeUserCommand->Filament\\Commands\\{closure}('capetrelluzzi@e...')
#6 D:\\web\\www\\bug-filament\\vendor\\laravel\\framework\\src\\Illuminate\\Console\\Concerns\\ConfiguresPrompts.php(33): Illuminate\\Console\\Command->promptUntilValid(Object(Closure), true, Object(Closure))
#7 D:\\web\\www\\bug-filament\\vendor\\laravel\\prompts\\src\\Concerns\\Fallback.php(59): Illuminate\\Console\\Command->Illuminate\\Console\\Concerns\\{closure}(Object(Laravel\\Prompts\\TextPrompt))
#8 D:\\web\\www\\bug-filament\\vendor\\laravel\\prompts\\src\\Prompt.php(91): Laravel\\Prompts\\Prompt->fallback()
#9 D:\\web\\www\\bug-filament\\vendor\\laravel\\prompts\\src\\helpers.php(13): Laravel\\Prompts\\Prompt->prompt()
#10 D:\\web\\www\\bug-filament\\vendor\\filament\\filament\\src\\Commands\\MakeUserCommand.php(41): Laravel\\Prompts\\text('Email address', '', '', true, Object(Closure))
#11 D:\\web\\www\\bug-filament\\vendor\\filament\\filament\\src\\Commands\\MakeUserCommand.php(60): Filament\\Commands\\MakeUserCommand->getUserData()
#12 D:\\web\\www\\bug-filament\\vendor\\filament\\filament\\src\\Commands\\MakeUserCommand.php(98): Filament\\Commands\\MakeUserCommand->createUser()
#13 D:\\web\\www\\bug-filament\\vendor\\laravel\\framework\\src\\Illuminate\\Container\\BoundMethod.php(36): Filament\\Commands\\MakeUserCommand->handle()
#14 D:\\web\\www\\bug-filament\\vendor\\laravel\\framework\\src\\Illuminate\\Container\\Util.php(41): Illuminate\\Container\\BoundMethod::Illuminate\\Container\\{closure}()
#15 D:\\web\\www\\bug-filament\\vendor\\laravel\\framework\\src\\Illuminate\\Container\\BoundMethod.php(93): Illuminate\\Container\\Util::unwrapIfClosure(Object(Closure))
#16 D:\\web\\www\\bug-filament\\vendor\\laravel\\framework\\src\\Illuminate\\Container\\BoundMethod.php(35): Illuminate\\Container\\BoundMethod::callBoundMethod(Object(Illuminate\\Foundation\\Application), Array, Object(Closure))
#17 D:\\web\\www\\bug-filament\\vendor\\laravel\\framework\\src\\Illuminate\\Container\\Container.php(662): Illuminate\\Container\\BoundMethod::call(Object(Illuminate\\Foundation\\Application), Array, Array, NULL)
#18 D:\\web\\www\\bug-filament\\vendor\\laravel\\framework\\src\\Illuminate\\Console\\Command.php(211): Illuminate\\Container\\Container->call(Array)
#19 D:\\web\\www\\bug-filament\\vendor\\symfony\\console\\Command\\Command.php(326): Illuminate\\Console\\Command->execute(Object(Symfony\\Component\\Console\\Input\\ArgvInput), Object(Illuminate\\Console\\OutputStyle))
#20 D:\\web\\www\\bug-filament\\vendor\\laravel\\framework\\src\\Illuminate\\Console\\Command.php(180): Symfony\\Component\\Console\\Command\\Command->run(Object(Symfony\\Component\\Console\\Input\\ArgvInput), Object(Illuminate\\Console\\OutputStyle))
#21 D:\\web\\www\\bug-filament\\vendor\\symfony\\console\\Application.php(1096): Illuminate\\Console\\Command->run(Object(Symfony\\Component\\Console\\Input\\ArgvInput), Object(Symfony\\Component\\Console\\Output\\ConsoleOutput))
#22 D:\\web\\www\\bug-filament\\vendor\\symfony\\console\\Application.php(324): Symfony\\Component\\Console\\Application->doRunCommand(Object(Filament\\Commands\\MakeUserCommand), Object(Symfony\\Component\\Console\\Input\\ArgvInput), Object(Symfony\\Component\\Console\\Output\\ConsoleOutput))
#23 D:\\web\\www\\bug-filament\\vendor\\symfony\\console\\Application.php(175): Symfony\\Component\\Console\\Application->doRun(Object(Symfony\\Component\\Console\\Input\\ArgvInput), Object(Symfony\\Component\\Console\\Output\\ConsoleOutput))
#24 D:\\web\\www\\bug-filament\\vendor\\laravel\\framework\\src\\Illuminate\\Foundation\\Console\\Kernel.php(201): Symfony\\Component\\Console\\Application->run(Object(Symfony\\Component\\Console\\Input\\ArgvInput), Object(Symfony\\Component\\Console\\Output\\ConsoleOutput))
#25 D:\\web\\www\\bug-filament\\artisan(35): Illuminate\\Foundation\\Console\\Kernel->handle(Object(Symfony\\Component\\Console\\Input\\ArgvInput), Object(Symfony\\Component\\Console\\Output\\ConsoleOutput))
#26 {main}

[previous exception] [object] (PDOException(code: 1049): SQLSTATE[HY000] [1049] Unknown database 'laravel' at D:\\web\\www\\bug-filament\\vendor\\laravel\\framework\\src\\Illuminate\\Database\\Connectors\\Connector.php:65)
[stacktrace]
#0 D:\\web\\www\\bug-filament\\vendor\\laravel\\framework\\src\\Illuminate\\Database\\Connectors\\Connector.php(65): PDO->__construct('mysql:host=127....', 'root', Object(SensitiveParameterValue), Array)
#1 D:\\web\\www\\bug-filament\\vendor\\laravel\\framework\\src\\Illuminate\\Database\\Connectors\\Connector.php(44): Illuminate\\Database\\Connectors\\Connector->createPdoConnection('mysql:host=127....', 'root', '', Array)
#2 D:\\web\\www\\bug-filament\\vendor\\laravel\\framework\\src\\Illuminate\\Database\\Connectors\\MySqlConnector.php(24): Illuminate\\Database\\Connectors\\Connector->createConnection('mysql:host=127....', Array, Array)
#3 D:\\web\\www\\bug-filament\\vendor\\laravel\\framework\\src\\Illuminate\\Database\\Connectors\\ConnectionFactory.php(184): Illuminate\\Database\\Connectors\\MySqlConnector->connect(Array)
#4 [internal function]: Illuminate\\Database\\Connectors\\ConnectionFactory->Illuminate\\Database\\Connectors\\{closure}()
#5 D:\\web\\www\\bug-filament\\vendor\\laravel\\framework\\src\\Illuminate\\Database\\Connection.php(1319): call_user_func(Object(Closure))
#6 D:\\web\\www\\bug-filament\\vendor\\laravel\\framework\\src\\Illuminate\\Database\\Connection.php(1355): Illuminate\\Database\\Connection->getPdo()
#7 D:\\web\\www\\bug-filament\\vendor\\laravel\\framework\\src\\Illuminate\\Database\\Connection.php(521): Illuminate\\Database\\Connection->getReadPdo()
#8 D:\\web\\www\\bug-filament\\vendor\\laravel\\framework\\src\\Illuminate\\Database\\Connection.php(416): Illuminate\\Database\\Connection->getPdoForSelect(true)
#9 D:\\web\\www\\bug-filament\\vendor\\laravel\\framework\\src\\Illuminate\\Database\\Connection.php(809): Illuminate\\Database\\Connection->Illuminate\\Database\\{closure}('select exists(s...', Array)
#10 D:\\web\\www\\bug-filament\\vendor\\laravel\\framework\\src\\Illuminate\\Database\\Connection.php(776): Illuminate\\Database\\Connection->runQueryCallback('select exists(s...', Array, Object(Closure))
#11 D:\\web\\www\\bug-filament\\vendor\\laravel\\framework\\src\\Illuminate\\Database\\Connection.php(407): Illuminate\\Database\\Connection->run('select exists(s...', Array, Object(Closure))
#12 D:\\web\\www\\bug-filament\\vendor\\laravel\\framework\\src\\Illuminate\\Database\\Query\\Builder.php(3093): Illuminate\\Database\\Connection->select('select exists(s...', Array, true)
#13 D:\\web\\www\\bug-filament\\vendor\\laravel\\framework\\src\\Illuminate\\Database\\Eloquent\\Builder.php(1968): Illuminate\\Database\\Query\\Builder->exists()
#14 D:\\web\\www\\bug-filament\\vendor\\filament\\filament\\src\\Commands\\MakeUserCommand.php(46): Illuminate\\Database\\Eloquent\\Builder->__call('exists', Array)
#15 D:\\web\\www\\bug-filament\\vendor\\laravel\\framework\\src\\Illuminate\\Console\\Concerns\\ConfiguresPrompts.php(144): Filament\\Commands\\MakeUserCommand->Filament\\Commands\\{closure}('capetrelluzzi@e...')
#16 D:\\web\\www\\bug-filament\\vendor\\laravel\\framework\\src\\Illuminate\\Console\\Concerns\\ConfiguresPrompts.php(33): Illuminate\\Console\\Command->promptUntilValid(Object(Closure), true, Object(Closure))
#17 D:\\web\\www\\bug-filament\\vendor\\laravel\\prompts\\src\\Concerns\\Fallback.php(59): Illuminate\\Console\\Command->Illuminate\\Console\\Concerns\\{closure}(Object(Laravel\\Prompts\\TextPrompt))
#18 D:\\web\\www\\bug-filament\\vendor\\laravel\\prompts\\src\\Prompt.php(91): Laravel\\Prompts\\Prompt->fallback()
#19 D:\\web\\www\\bug-filament\\vendor\\laravel\\prompts\\src\\helpers.php(13): Laravel\\Prompts\\Prompt->prompt()
#20 D:\\web\\www\\bug-filament\\vendor\\filament\\filament\\src\\Commands\\MakeUserCommand.php(41): Laravel\\Prompts\\text('Email address', '', '', true, Object(Closure))
#21 D:\\web\\www\\bug-filament\\vendor\\filament\\filament\\src\\Commands\\MakeUserCommand.php(60): Filament\\Commands\\MakeUserCommand->getUserData()
#22 D:\\web\\www\\bug-filament\\vendor\\filament\\filament\\src\\Commands\\MakeUserCommand.php(98): Filament\\Commands\\MakeUserCommand->createUser()
#23 D:\\web\\www\\bug-filament\\vendor\\laravel\\framework\\src\\Illuminate\\Container\\BoundMethod.php(36): Filament\\Commands\\MakeUserCommand->handle()
#24 D:\\web\\www\\bug-filament\\vendor\\laravel\\framework\\src\\Illuminate\\Container\\Util.php(41): Illuminate\\Container\\BoundMethod::Illuminate\\Container\\{closure}()
#25 D:\\web\\www\\bug-filament\\vendor\\laravel\\framework\\src\\Illuminate\\Container\\BoundMethod.php(93): Illuminate\\Container\\Util::unwrapIfClosure(Object(Closure))
#26 D:\\web\\www\\bug-filament\\vendor\\laravel\\framework\\src\\Illuminate\\Container\\BoundMethod.php(35): Illuminate\\Container\\BoundMethod::callBoundMethod(Object(Illuminate\\Foundation\\Application), Array, Object(Closure))
#27 D:\\web\\www\\bug-filament\\vendor\\laravel\\framework\\src\\Illuminate\\Container\\Container.php(662): Illuminate\\Container\\BoundMethod::call(Object(Illuminate\\Foundation\\Application), Array, Array, NULL)
#28 D:\\web\\www\\bug-filament\\vendor\\laravel\\framework\\src\\Illuminate\\Console\\Command.php(211): Illuminate\\Container\\Container->call(Array)
#29 D:\\web\\www\\bug-filament\\vendor\\symfony\\console\\Command\\Command.php(326): Illuminate\\Console\\Command->execute(Object(Symfony\\Component\\Console\\Input\\ArgvInput), Object(Illuminate\\Console\\OutputStyle))
#30 D:\\web\\www\\bug-filament\\vendor\\laravel\\framework\\src\\Illuminate\\Console\\Command.php(180): Symfony\\Component\\Console\\Command\\Command->run(Object(Symfony\\Component\\Console\\Input\\ArgvInput), Object(Illuminate\\Console\\OutputStyle))
#31 D:\\web\\www\\bug-filament\\vendor\\symfony\\console\\Application.php(1096): Illuminate\\Console\\Command->run(Object(Symfony\\Component\\Console\\Input\\ArgvInput), Object(Symfony\\Component\\Console\\Output\\ConsoleOutput))
#32 D:\\web\\www\\bug-filament\\vendor\\symfony\\console\\Application.php(324): Symfony\\Component\\Console\\Application->doRunCommand(Object(Filament\\Commands\\MakeUserCommand), Object(Symfony\\Component\\Console\\Input\\ArgvInput), Object(Symfony\\Component\\Console\\Output\\ConsoleOutput))
#33 D:\\web\\www\\bug-filament\\vendor\\symfony\\console\\Application.php(175): Symfony\\Component\\Console\\Application->doRun(Object(Symfony\\Component\\Console\\Input\\ArgvInput), Object(Symfony\\Component\\Console\\Output\\ConsoleOutput))
#34 D:\\web\\www\\bug-filament\\vendor\\laravel\\framework\\src\\Illuminate\\Foundation\\Console\\Kernel.php(201): Symfony\\Component\\Console\\Application->run(Object(Symfony\\Component\\Console\\Input\\ArgvInput), Object(Symfony\\Component\\Console\\Output\\ConsoleOutput))
#35 D:\\web\\www\\bug-filament\\artisan(35): Illuminate\\Foundation\\Console\\Kernel->handle(Object(Symfony\\Component\\Console\\Input\\ArgvInput), Object(Symfony\\Component\\Console\\Output\\ConsoleOutput))
#36 {main}
"} 
